Waf: Entering directory `/home/jonathan/Documents/ns-allinone-3.24.1/ns-3.24.1/build'
[2126/2484] Compiling scratch/p2.cc
Waf: Leaving directory `/home/jonathan/Documents/ns-allinone-3.24.1/ns-3.24.1/build'
Waf: Entering directory `/home/jonathan/Documents/ns-allinone-3.24.1/ns-3.24.1/build'
[ 886/2484] Compiling scratch/p2.cc
[2432/2484] Linking build/scratch/p2
Waf: Leaving directory `/home/jonathan/Documents/ns-allinone-3.24.1/ns-3.24.1/build'
Build commands will be stored in build/compile_commands.json
'build' finished successfully (2.801s)
Interrupted 
Waf: Entering directory `/home/jonathan/Documents/ns-allinone-3.24.1/ns-3.24.1/build'
Waf: Leaving directory `/home/jonathan/Documents/ns-allinone-3.24.1/ns-3.24.1/build'
Build commands will be stored in build/compile_commands.json
'build' finished successfully (1.252s)

Modules built:
antenna                   aodv                      applications              
bridge                    buildings                 config-store              
core                      csma                      csma-layout               
dsdv                      dsr                       energy                    
fd-net-device             flow-monitor              internet                  
lr-wpan                   lte                       mesh                      
mobility                  mpi                       netanim (no Python)       
network                   nix-vector-routing        olsr                      
point-to-point            point-to-point-layout     propagation               
sixlowpan                 spectrum                  stats                     
tap-bridge                test (no Python)          topology-read             
uan                       virtual-net-device        visualizer                
wave                      wifi                      wimax                     

Modules not built (see ns-3 tutorial for explanation):
brite                     click                     openflow                  

Waf: Entering directory `/home/jonathan/Documents/ns-allinone-3.24.1/ns-3.24.1/build'
[ 886/2484] Compiling scratch/p2.cc
[2444/2484] Linking build/scratch/p2
Waf: Leaving directory `/home/jonathan/Documents/ns-allinone-3.24.1/ns-3.24.1/build'
Build commands will be stored in build/compile_commands.json
'build' finished successfully (2.995s)

Modules built:
antenna                   aodv                      applications              
bridge                    buildings                 config-store              
core                      csma                      csma-layout               
dsdv                      dsr                       energy                    
fd-net-device             flow-monitor              internet                  
lr-wpan                   lte                       mesh                      
mobility                  mpi                       netanim (no Python)       
network                   nix-vector-routing        olsr                      
point-to-point            point-to-point-layout     propagation               
sixlowpan                 spectrum                  stats                     
tap-bridge                test (no Python)          topology-read             
uan                       virtual-net-device        visualizer                
wave                      wifi                      wimax                     

Modules not built (see ns-3 tutorial for explanation):
brite                     click                     openflow                  

Waf: Entering directory `/home/jonathan/Documents/ns-allinone-3.24.1/ns-3.24.1/build'
[2126/2484] Compiling scratch/p2.cc
[2472/2484] Linking build/scratch/p2
Waf: Leaving directory `/home/jonathan/Documents/ns-allinone-3.24.1/ns-3.24.1/build'
Build commands will be stored in build/compile_commands.json
'build' finished successfully (3.157s)

Modules built:
antenna                   aodv                      applications              
bridge                    buildings                 config-store              
core                      csma                      csma-layout               
dsdv                      dsr                       energy                    
fd-net-device             flow-monitor              internet                  
lr-wpan                   lte                       mesh                      
mobility                  mpi                       netanim (no Python)       
network                   nix-vector-routing        olsr                      
point-to-point            point-to-point-layout     propagation               
sixlowpan                 spectrum                  stats                     
tap-bridge                test (no Python)          topology-read             
uan                       virtual-net-device        visualizer                
wave                      wifi                      wimax                     

Modules not built (see ns-3 tutorial for explanation):
brite                     click                     openflow                  

Waf: Entering directory `/home/jonathan/Documents/ns-allinone-3.24.1/ns-3.24.1/build'
[2134/2484] Compiling scratch/p2.cc
[2442/2484] Linking build/scratch/p2
Waf: Leaving directory `/home/jonathan/Documents/ns-allinone-3.24.1/ns-3.24.1/build'
Build commands will be stored in build/compile_commands.json
'build' finished successfully (2.998s)

Modules built:
antenna                   aodv                      applications              
bridge                    buildings                 config-store              
core                      csma                      csma-layout               
dsdv                      dsr                       energy                    
fd-net-device             flow-monitor              internet                  
lr-wpan                   lte                       mesh                      
mobility                  mpi                       netanim (no Python)       
network                   nix-vector-routing        olsr                      
point-to-point            point-to-point-layout     propagation               
sixlowpan                 spectrum                  stats                     
tap-bridge                test (no Python)          topology-read             
uan                       virtual-net-device        visualizer                
wave                      wifi                      wimax                     

Modules not built (see ns-3 tutorial for explanation):
brite                     click                     openflow                  

Waf: Entering directory `/home/jonathan/Documents/ns-allinone-3.24.1/ns-3.24.1/build'
[2133/2484] Compiling scratch/p2.cc
[2472/2484] Linking build/scratch/p2
Waf: Leaving directory `/home/jonathan/Documents/ns-allinone-3.24.1/ns-3.24.1/build'
Build commands will be stored in build/compile_commands.json
'build' finished successfully (2.972s)

Modules built:
antenna                   aodv                      applications              
bridge                    buildings                 config-store              
core                      csma                      csma-layout               
dsdv                      dsr                       energy                    
fd-net-device             flow-monitor              internet                  
lr-wpan                   lte                       mesh                      
mobility                  mpi                       netanim (no Python)       
network                   nix-vector-routing        olsr                      
point-to-point            point-to-point-layout     propagation               
sixlowpan                 spectrum                  stats                     
tap-bridge                test (no Python)          topology-read             
uan                       virtual-net-device        visualizer                
wave                      wifi                      wimax                     

Modules not built (see ns-3 tutorial for explanation):
brite                     click                     openflow                  

